--------------------------------------------------------------------------------
Release 14.7 Trace  (nt64)
Copyright (c) 1995-2013 Xilinx, Inc.  All rights reserved.

D:\Xilinx\14.7\ISE_DS\ISE\bin\nt64\unwrapped\trce.exe -intstyle ise -v 3 -s 2L
-n 3 -fastpaths -xml splitter.twx splitter.ncd -o splitter.twr splitter.pcf

Design file:              splitter.ncd
Physical constraint file: splitter.pcf
Device,package,speed:     xc7a100t,csg324,C,-2L (PRODUCTION 1.10 2013-10-13)
Report level:             verbose report

Environment Variable      Effect 
--------------------      ------ 
NONE                      No environment variables were set
--------------------------------------------------------------------------------

INFO:Timing:2698 - No timing constraints found, doing default enumeration.
INFO:Timing:3412 - To improve timing, see the Timing Closure User Guide (UG612).
INFO:Timing:2752 - To get complete path coverage, use the unconstrained paths 
   option. All paths that are not constrained will be reported in the 
   unconstrained paths section(s) of the report.
INFO:Timing:3339 - The clock-to-out numbers in this timing report are based on 
   a 50 Ohm transmission line loading model.  For the details of this model, 
   and for more information on accounting for different loading conditions, 
   please see the device datasheet.



Data Sheet report:
-----------------
All values displayed in nanoseconds (ns)

Pad to Pad
---------------+---------------+---------+
Source Pad     |Destination Pad|  Delay  |
---------------+---------------+---------+
A<0>           |O4<0>          |    6.081|
A<1>           |O4<1>          |    5.856|
A<2>           |O4<2>          |    6.613|
A<3>           |O4<3>          |    6.835|
A<4>           |O4<4>          |    6.835|
A<5>           |O4<5>          |    6.864|
A<6>           |O4<6>          |    6.857|
A<7>           |O4<7>          |    6.867|
A<8>           |O3<0>          |    5.805|
A<9>           |O3<1>          |    5.483|
A<10>          |O3<2>          |    5.718|
A<11>          |O3<3>          |    5.937|
A<12>          |O3<4>          |    5.763|
A<13>          |O3<5>          |    5.717|
A<14>          |O3<6>          |    5.867|
A<15>          |O3<7>          |    5.753|
A<16>          |O2<0>          |    6.724|
A<17>          |O2<1>          |    4.883|
A<18>          |O2<2>          |    6.876|
A<19>          |O2<3>          |    4.843|
A<20>          |O2<4>          |    6.659|
A<21>          |O2<5>          |    4.869|
A<22>          |O2<6>          |    4.863|
A<23>          |O2<7>          |    4.881|
A<24>          |O1<0>          |    4.850|
A<25>          |O1<1>          |    4.851|
A<26>          |O1<2>          |    4.813|
A<27>          |O1<3>          |    4.843|
A<28>          |O1<4>          |    4.822|
A<29>          |O1<5>          |    4.843|
A<30>          |O1<6>          |    4.868|
A<31>          |O1<7>          |    4.876|
---------------+---------------+---------+


Analysis completed Fri Oct 17 11:02:31 2025 
--------------------------------------------------------------------------------

Trace Settings:
-------------------------
Trace Settings 

Peak Memory Usage: 5013 MB



